Using pre-set license
Built from '2020.3/staging' branch; Version is '2020.3.22f1 (e1a7f79fd887) revision 14788599'; Using compiler version '192528614'; Build Type 'Release'
OS: 'Windows 10 Home; OS build 19042.1415; Version 2009; 64bit' Language: 'en' Physical Memory: 40637 MB
BatchMode: 1, IsHumanControllingUs: 0, StartBugReporterOnCrash: 0, Is64bit: 1, IsPro: 0

COMMAND LINE ARGUMENTS:
C:\Program Files\Unity\Hub\Editor\2020.3.22f1\Editor\Unity.exe
-adb2
-batchMode
-noUpm
-name
AssetImportWorker0
-projectPath
C:/Users/Jhonathan/BigMetaFire
-logFile
Logs/AssetImportWorker0.log
-srvPort
51067
Successfully changed project path to: C:/Users/Jhonathan/BigMetaFire
C:/Users/Jhonathan/BigMetaFire
Using Asset Import Pipeline V2.
Default GameObject Tag: AI already registered
Refreshing native plugins compatible for Editor in 63.45 ms, found 5 plugins.
Preloading 0 native plugins for Editor in 0.00 ms.
Initialize engine version: 2020.3.22f1 (e1a7f79fd887)
[Subsystems] Discovering subsystems at path C:/Program Files/Unity/Hub/Editor/2020.3.22f1/Editor/Data/Resources/UnitySubsystems
[Subsystems] Discovering subsystems at path C:/Users/Jhonathan/BigMetaFire/Assets
GfxDevice: creating device client; threaded=0
Direct3D:
    Version:  Direct3D 11.0 [level 11.1]
    Renderer: NVIDIA GeForce RTX 3060 Laptop GPU (ID=0x2520)
    Vendor:   
    VRAM:     6023 MB
    Driver:   30.0.14.7247
Initialize mono
Mono path[0] = 'C:/Program Files/Unity/Hub/Editor/2020.3.22f1/Editor/Data/Managed'
Mono path[1] = 'C:/Program Files/Unity/Hub/Editor/2020.3.22f1/Editor/Data/MonoBleedingEdge/lib/mono/unityjit'
Mono config path = 'C:/Program Files/Unity/Hub/Editor/2020.3.22f1/Editor/Data/MonoBleedingEdge/etc'
Using monoOptions --debugger-agent=transport=dt_socket,embedding=1,server=y,suspend=n,address=127.0.0.1:56912
Begin MonoManager ReloadAssembly
Registering precompiled unity dll's ...
Register platform support module: C:/Program Files/Unity/Hub/Editor/2020.3.22f1/Editor/Data/PlaybackEngines/WebGLSupport/UnityEditor.WebGL.Extensions.dll
Register platform support module: C:/Program Files/Unity/Hub/Editor/2020.3.22f1/Editor/Data/PlaybackEngines/WindowsStandaloneSupport/UnityEditor.WindowsStandalone.Extensions.dll
Registered in 0.002656 seconds.
Native extension for WindowsStandalone target not found
Native extension for WebGL target not found
Refreshing native plugins compatible for Editor in 48.95 ms, found 5 plugins.
Preloading 0 native plugins for Editor in 0.00 ms.
Mono: successfully reloaded assembly
- Completed reload, in  1.379 seconds
Domain Reload Profiling:
	ReloadAssembly (1380ms)
		BeginReloadAssembly (39ms)
			ExecutionOrderSort (0ms)
			DisableScriptedObjects (0ms)
			BackupInstance (0ms)
			ReleaseScriptingObjects (0ms)
			CreateAndSetChildDomain (1ms)
		EndReloadAssembly (340ms)
			LoadAssemblies (37ms)
			RebuildTransferFunctionScriptingTraits (0ms)
			SetupTypeCache (104ms)
			ReleaseScriptCaches (0ms)
			RebuildScriptCaches (25ms)
			SetupLoadedEditorAssemblies (137ms)
				LogAssemblyErrors (0ms)
				InitializePlatformSupportModulesInManaged (5ms)
				SetLoadedEditorAssemblies (0ms)
				RefreshPlugins (50ms)
				BeforeProcessingInitializeOnLoad (7ms)
				ProcessInitializeOnLoadAttributes (55ms)
				ProcessInitializeOnLoadMethodAttributes (20ms)
				AfterProcessingInitializeOnLoad (0ms)
				EditorAssembliesLoaded (0ms)
			ExecutionOrderSort2 (0ms)
			AwakeInstancesAfterBackupRestoration (0ms)
Platform modules already initialized, skipping
Registering precompiled user dll's ...
Registered in 0.008130 seconds.
Begin MonoManager ReloadAssembly
Native extension for WindowsStandalone target not found
Native extension for WebGL target not found
Refreshing native plugins compatible for Editor in 0.83 ms, found 5 plugins.
Preloading 0 native plugins for Editor in 0.00 ms.
System.Reflection.TargetException: Non-static method requires a target.
  at System.Reflection.MonoMethod.Invoke (System.Object obj, System.Reflection.BindingFlags invokeAttr, System.Reflection.Binder binder, System.Object[] parameters, System.Globalization.CultureInfo culture) [0x0004c] in <695d1cc93cca45069c528c15c9fdd749>:0 
  at System.Reflection.MethodBase.Invoke (System.Object obj, System.Object[] parameters) [0x00000] in <695d1cc93cca45069c528c15c9fdd749>:0 
  at UnityEditor.EditorAssemblies.ProcessInitializeOnLoadMethodAttributes () [0x00047] in <2cd7ebc9c2ef4276a8edbc7de85c89ce>:0 
UnityEngine.StackTraceUtility:ExtractStackTrace ()
UnityEngine.DebugLogHandler:LogFormat (UnityEngine.LogType,UnityEngine.Object,string,object[])
UnityEngine.Logger:Log (UnityEngine.LogType,object)
UnityEngine.Debug:LogError (object)
UnityEditor.EditorAssemblies:ProcessInitializeOnLoadMethodAttributes ()

Mono: successfully reloaded assembly
- Completed reload, in  0.871 seconds
Domain Reload Profiling:
	ReloadAssembly (872ms)
		BeginReloadAssembly (98ms)
			ExecutionOrderSort (0ms)
			DisableScriptedObjects (3ms)
			BackupInstance (0ms)
			ReleaseScriptingObjects (0ms)
			CreateAndSetChildDomain (15ms)
		EndReloadAssembly (727ms)
			LoadAssemblies (69ms)
			RebuildTransferFunctionScriptingTraits (0ms)
			SetupTypeCache (219ms)
			ReleaseScriptCaches (0ms)
			RebuildScriptCaches (44ms)
			SetupLoadedEditorAssemblies (325ms)
				LogAssemblyErrors (0ms)
				InitializePlatformSupportModulesInManaged (5ms)
				SetLoadedEditorAssemblies (0ms)
				RefreshPlugins (1ms)
				BeforeProcessingInitializeOnLoad (94ms)
				ProcessInitializeOnLoadAttributes (178ms)
				ProcessInitializeOnLoadMethodAttributes (40ms)
				AfterProcessingInitializeOnLoad (6ms)
				EditorAssembliesLoaded (0ms)
			ExecutionOrderSort2 (0ms)
			AwakeInstancesAfterBackupRestoration (5ms)
Platform modules already initialized, skipping
========================================================================
Worker process is ready to serve import requests
Default GameObject Tag: AI already registered
Launched and connected shader compiler UnityShaderCompiler.exe after 0.04 seconds
Refreshing native plugins compatible for Editor in 0.78 ms, found 5 plugins.
Preloading 0 native plugins for Editor in 0.00 ms.
Unloading 2795 Unused Serialized files (Serialized files now loaded: 0)
System memory in use before: 129.9 MB.
System memory in use after: 130.1 MB.

Unloading 70 unused Assets to reduce memory usage. Loaded Objects now: 3214.
Total: 4.640100 ms (FindLiveObjects: 0.203100 ms CreateObjectMapping: 0.064800 ms MarkObjects: 4.279900 ms  DeleteObjects: 0.091300 ms)

AssetImportParameters requested are different than current active one (requested -> active):
  custom:framework-win-MediaFoundation: 216162199b28c13a410421893ffa2e32 -> 
  custom:video-decoder-ogg-theora: a1e56fd34408186e4bbccfd4996cb3dc -> 
  custom:container-muxer-webm: aa71ff27fc2769a1b78a27578f13a17b -> 
  custom:container-demuxer-webm: 4f35f7cbe854078d1ac9338744f61a02 -> 
  custom:container-demuxer-ogg: 62fdf1f143b41e24485cea50d1cbac27 -> 
  custom:video-encoder-webm-vp8: eb34c28f22e8b96e1ab97ce403110664 -> 
  custom:video-codec-MediaFoundation-h265: 746d11721c4dcdbdad8f713fa42b33f4 -> 
  custom:video-decoder-webm-vp8: 9c59270c3fd7afecdb556c50c9e8de78 -> 
  custom:audio-decoder-ogg-vorbis: bf7c407c2cedff20999df2af8eb42d56 -> 
  custom:audio-encoder-webm-vorbis: bf7c407c2cedff20999df2af8eb42d56 -> 
========================================================================
Received Import Request.
  path: Assets/MFPS/Scripts/Player/Controller
  artifactKey: Guid(943e057eaae705e43b9e9b2e53d6adb0) Importer(815301076,1909f56bfc062723c751e8b465ee728b)
Start importing Assets/MFPS/Scripts/Player/Controller using Guid(943e057eaae705e43b9e9b2e53d6adb0) Importer(815301076,1909f56bfc062723c751e8b465ee728b)  -> (artifact id: 'b87988c723d503958dcc28188d6cb375') in 0.005781 seconds 
  Import took 0.009529 seconds .

========================================================================
Received Import Request.
  Time since last request: 7.431163 seconds.
  path: Assets/MFPS/Scripts/Player/Controller/MouseLook.cs
  artifactKey: Guid(f7b8e68d75b143b4099b5d98517d6984) Importer(815301076,1909f56bfc062723c751e8b465ee728b)
Start importing Assets/MFPS/Scripts/Player/Controller/MouseLook.cs using Guid(f7b8e68d75b143b4099b5d98517d6984) Importer(815301076,1909f56bfc062723c751e8b465ee728b)  -> (artifact id: '2821afc1a0c1587e2ee28daf52b65dd9') in 0.027528 seconds 
  Import took 0.031500 seconds .

========================================================================
Received Import Request.
  Time since last request: 7.329686 seconds.
  path: Assets/MFPS/Scripts/Player/Controller/LerpControlledBob.cs
  artifactKey: Guid(9583c43339b9bd643a39658836f803cc) Importer(815301076,1909f56bfc062723c751e8b465ee728b)
Start importing Assets/MFPS/Scripts/Player/Controller/LerpControlledBob.cs using Guid(9583c43339b9bd643a39658836f803cc) Importer(815301076,1909f56bfc062723c751e8b465ee728b)  -> (artifact id: 'ee4c32f986dabc1c70e54b348b1a6f30') in 0.003939 seconds 
  Import took 0.009322 seconds .

========================================================================
Received Import Request.
  Time since last request: 3.986157 seconds.
  path: Assets/MFPS/Scripts/Player/Controller/bl_PlayerReferences.cs
  artifactKey: Guid(f686dbd1d13703b4292419c1837185eb) Importer(815301076,1909f56bfc062723c751e8b465ee728b)
Start importing Assets/MFPS/Scripts/Player/Controller/bl_PlayerReferences.cs using Guid(f686dbd1d13703b4292419c1837185eb) Importer(815301076,1909f56bfc062723c751e8b465ee728b)  -> (artifact id: 'b57726371517d81fbe1418902bf5d01a') in 0.002613 seconds 
  Import took 0.006624 seconds .

========================================================================
Received Import Request.
  Time since last request: 6.596894 seconds.
  path: Assets/MFPS/Scripts/Player/Controller/bl_HeadBob.cs
  artifactKey: Guid(55345b8dc2482f842a2aa94563109463) Importer(815301076,1909f56bfc062723c751e8b465ee728b)
Start importing Assets/MFPS/Scripts/Player/Controller/bl_HeadBob.cs using Guid(55345b8dc2482f842a2aa94563109463) Importer(815301076,1909f56bfc062723c751e8b465ee728b)  -> (artifact id: '2a9aaf1f8d272519778ea04179b1d4b2') in 0.003179 seconds 
  Import took 0.007499 seconds .

========================================================================
Received Import Request.
  Time since last request: 3.297363 seconds.
  path: Assets/MFPS/Scripts/Player/Controller/bl_FirstPersonController.cs
  artifactKey: Guid(05ec5cf00ca181d45a42ba1870e148c3) Importer(815301076,1909f56bfc062723c751e8b465ee728b)
Start importing Assets/MFPS/Scripts/Player/Controller/bl_FirstPersonController.cs using Guid(05ec5cf00ca181d45a42ba1870e148c3) Importer(815301076,1909f56bfc062723c751e8b465ee728b)  -> (artifact id: 'c2f94d0a6469426e9123910d2d909f0c') in 0.003284 seconds 
  Import took 0.009232 seconds .

========================================================================
Received Import Request.
  Time since last request: 6343.876771 seconds.
  path: Assets/MFPS/Scripts/GamePlay/Settings
  artifactKey: Guid(e66459eb24ecb924097ce064f4cfd871) Importer(815301076,1909f56bfc062723c751e8b465ee728b)
Start importing Assets/MFPS/Scripts/GamePlay/Settings using Guid(e66459eb24ecb924097ce064f4cfd871) Importer(815301076,1909f56bfc062723c751e8b465ee728b)  -> (artifact id: 'f453354b348ba3423145bd4ca2661ffa') in 0.003689 seconds 
  Import took 0.008795 seconds .

========================================================================
Received Import Request.
  Time since last request: 1.886307 seconds.
  path: Assets/MFPS/Scripts/GamePlay/Settings/bl_SingleSettingsSlider.cs
  artifactKey: Guid(c9cb95db2ace0b247ba3a572457f431c) Importer(815301076,1909f56bfc062723c751e8b465ee728b)
Start importing Assets/MFPS/Scripts/GamePlay/Settings/bl_SingleSettingsSlider.cs using Guid(c9cb95db2ace0b247ba3a572457f431c) Importer(815301076,1909f56bfc062723c751e8b465ee728b)  -> (artifact id: '4012207a07fd0a6355e091c6464197ce') in 0.003625 seconds 
  Import took 0.007719 seconds .

========================================================================
Received Import Request.
  Time since last request: 0.567666 seconds.
  path: Assets/MFPS/Scripts/GamePlay/Settings/bl_SingleSettingsBinding.cs
  artifactKey: Guid(7635e7cfac0b7744ca312754d9ba534a) Importer(815301076,1909f56bfc062723c751e8b465ee728b)
Start importing Assets/MFPS/Scripts/GamePlay/Settings/bl_SingleSettingsBinding.cs using Guid(7635e7cfac0b7744ca312754d9ba534a) Importer(815301076,1909f56bfc062723c751e8b465ee728b)  -> (artifact id: '8eeeefeac2235a48a2289996dbbaf702') in 0.003343 seconds 
  Import took 0.007402 seconds .

========================================================================
Received Import Request.
  Time since last request: 1.023410 seconds.
  path: Assets/MFPS/Scripts/GamePlay/Settings/bl_RuntimeSettings.cs
  artifactKey: Guid(bc3b893d3c9ad5d43b1c69c38b1dc77b) Importer(815301076,1909f56bfc062723c751e8b465ee728b)
Start importing Assets/MFPS/Scripts/GamePlay/Settings/bl_RuntimeSettings.cs using Guid(bc3b893d3c9ad5d43b1c69c38b1dc77b) Importer(815301076,1909f56bfc062723c751e8b465ee728b)  -> (artifact id: '7e5e0602efbf47849e569804216186c5') in 0.003879 seconds 
  Import took 0.007858 seconds .

========================================================================
Received Import Request.
  Time since last request: 47.260908 seconds.
  path: Assets/MFPS/Resources/MPlayer.prefab
  artifactKey: Guid(353d635db0698974b963c4153ac19a5d) Importer(815301076,1909f56bfc062723c751e8b465ee728b)
Start importing Assets/MFPS/Resources/MPlayer.prefab using Guid(353d635db0698974b963c4153ac19a5d) Importer(815301076,1909f56bfc062723c751e8b465ee728b)  -> (artifact id: 'da38a7272ad9c007365a66ab52d2da54') in 0.728682 seconds 
  Import took 0.747913 seconds .

========================================================================
Received Import Request.
  Time since last request: 7.673262 seconds.
  path: Assets/MFPS/Resources/MPlayer.prefab
  artifactKey: Guid(353d635db0698974b963c4153ac19a5d) Importer(815301076,1909f56bfc062723c751e8b465ee728b)
Start importing Assets/MFPS/Resources/MPlayer.prefab using Guid(353d635db0698974b963c4153ac19a5d) Importer(815301076,1909f56bfc062723c751e8b465ee728b)  -> (artifact id: '4a3786c29cd4984d34b960d791dfee01') in 0.567732 seconds 
  Import took 0.585814 seconds .

========================================================================
Received Import Request.
  Time since last request: 0.750219 seconds.
  path: Assets/MFPS/Resources/MPlayer.prefab
  artifactKey: Guid(353d635db0698974b963c4153ac19a5d) Importer(815301076,1909f56bfc062723c751e8b465ee728b)
Start importing Assets/MFPS/Resources/MPlayer.prefab using Guid(353d635db0698974b963c4153ac19a5d) Importer(815301076,1909f56bfc062723c751e8b465ee728b)  -> (artifact id: '99294e7fdac26b1374ac7d37303279df') in 0.557794 seconds 
  Import took 0.576746 seconds .

========================================================================
Received Import Request.
  Time since last request: 0.744582 seconds.
  path: Assets/MFPS/Resources/MPlayer.prefab
  artifactKey: Guid(353d635db0698974b963c4153ac19a5d) Importer(815301076,1909f56bfc062723c751e8b465ee728b)
Start importing Assets/MFPS/Resources/MPlayer.prefab using Guid(353d635db0698974b963c4153ac19a5d) Importer(815301076,1909f56bfc062723c751e8b465ee728b)  -> (artifact id: '5add14060b43b89db8d6b185aa5da86c') in 0.569857 seconds 
  Import took 0.589254 seconds .

========================================================================
Received Import Request.
  Time since last request: 5.594890 seconds.
  path: Assets/MFPS/Resources/MPlayer.prefab
  artifactKey: Guid(353d635db0698974b963c4153ac19a5d) Importer(815301076,1909f56bfc062723c751e8b465ee728b)
Start importing Assets/MFPS/Resources/MPlayer.prefab using Guid(353d635db0698974b963c4153ac19a5d) Importer(815301076,1909f56bfc062723c751e8b465ee728b)  -> (artifact id: 'b91614bc4a6fb94300d7d92a92d2a3ea') in 0.584264 seconds 
  Import took 0.603863 seconds .

========================================================================
Received Import Request.
  Time since last request: 0.086259 seconds.
  path: Assets/MFPS/Resources/MPlayer.prefab
  artifactKey: Guid(353d635db0698974b963c4153ac19a5d) Importer(815301076,1909f56bfc062723c751e8b465ee728b)
Start importing Assets/MFPS/Resources/MPlayer.prefab using Guid(353d635db0698974b963c4153ac19a5d) Importer(815301076,1909f56bfc062723c751e8b465ee728b)  -> (artifact id: 'ab006cbc255c78b96f26dadfffbe692f') in 0.580668 seconds 
  Import took 0.600200 seconds .

========================================================================
Received Import Request.
  Time since last request: 0.102207 seconds.
  path: Assets/MFPS/Resources/MPlayer.prefab
  artifactKey: Guid(353d635db0698974b963c4153ac19a5d) Importer(815301076,1909f56bfc062723c751e8b465ee728b)
Start importing Assets/MFPS/Resources/MPlayer.prefab using Guid(353d635db0698974b963c4153ac19a5d) Importer(815301076,1909f56bfc062723c751e8b465ee728b)  -> (artifact id: '900fff4234d35bd5ba198c7e839ff59a') in 0.582835 seconds 
  Import took 0.603426 seconds .

========================================================================
Received Import Request.
  Time since last request: 0.087795 seconds.
  path: Assets/MFPS/Resources/MPlayer.prefab
  artifactKey: Guid(353d635db0698974b963c4153ac19a5d) Importer(815301076,1909f56bfc062723c751e8b465ee728b)
Start importing Assets/MFPS/Resources/MPlayer.prefab using Guid(353d635db0698974b963c4153ac19a5d) Importer(815301076,1909f56bfc062723c751e8b465ee728b)  -> (artifact id: 'cd4c4c4b68aa85f04b95640375f67be9') in 0.634753 seconds 
  Import took 0.655422 seconds .

========================================================================
Received Import Request.
  Time since last request: 0.200595 seconds.
  path: Assets/MFPS/Resources/MPlayer.prefab
  artifactKey: Guid(353d635db0698974b963c4153ac19a5d) Importer(815301076,1909f56bfc062723c751e8b465ee728b)
Start importing Assets/MFPS/Resources/MPlayer.prefab using Guid(353d635db0698974b963c4153ac19a5d) Importer(815301076,1909f56bfc062723c751e8b465ee728b)  -> (artifact id: '1f13d1ed4eadeb89c9fcaf9479dfbf3b') in 0.591342 seconds 
  Import took 0.611485 seconds .

========================================================================
Received Import Request.
  Time since last request: 0.079009 seconds.
  path: Assets/MFPS/Resources/MPlayer.prefab
  artifactKey: Guid(353d635db0698974b963c4153ac19a5d) Importer(815301076,1909f56bfc062723c751e8b465ee728b)
Start importing Assets/MFPS/Resources/MPlayer.prefab using Guid(353d635db0698974b963c4153ac19a5d) Importer(815301076,1909f56bfc062723c751e8b465ee728b)  -> (artifact id: '94342de5dfb88c81fbc3c83b47dd6f51') in 0.575699 seconds 
  Import took 0.595316 seconds .

========================================================================
Received Import Request.
  Time since last request: 0.000431 seconds.
  path: Assets/MFPS/Resources/MPlayer.prefab
  artifactKey: Guid(353d635db0698974b963c4153ac19a5d) Importer(815301076,1909f56bfc062723c751e8b465ee728b)
Start importing Assets/MFPS/Resources/MPlayer.prefab using Guid(353d635db0698974b963c4153ac19a5d) Importer(815301076,1909f56bfc062723c751e8b465ee728b)  -> (artifact id: '3ee008d75ff89c9741d98c0b977959fa') in 0.592978 seconds 
  Import took 0.612313 seconds .

========================================================================
Received Import Request.
  Time since last request: 0.163066 seconds.
  path: Assets/MFPS/Resources/MPlayer.prefab
  artifactKey: Guid(353d635db0698974b963c4153ac19a5d) Importer(815301076,1909f56bfc062723c751e8b465ee728b)
Start importing Assets/MFPS/Resources/MPlayer.prefab using Guid(353d635db0698974b963c4153ac19a5d) Importer(815301076,1909f56bfc062723c751e8b465ee728b)  -> (artifact id: '26e1122b81b3267ea2ee5020bcacf679') in 0.576378 seconds 
  Import took 0.595938 seconds .

========================================================================
Received Import Request.
  Time since last request: 32.069314 seconds.
  path: Assets/MFPS/Resources/MPlayer2.prefab
  artifactKey: Guid(8b43b97c50cac1d43a7c27ca8b6a6cdf) Importer(815301076,1909f56bfc062723c751e8b465ee728b)
Start importing Assets/MFPS/Resources/MPlayer2.prefab using Guid(8b43b97c50cac1d43a7c27ca8b6a6cdf) Importer(815301076,1909f56bfc062723c751e8b465ee728b)  -> (artifact id: '881dd8c3b07fb0c6e8b62628afa0722d') in 0.593436 seconds 
  Import took 0.613121 seconds .

========================================================================
Received Import Request.
  Time since last request: 4.454351 seconds.
  path: Assets/MFPS/Resources/MPlayer2.prefab
  artifactKey: Guid(8b43b97c50cac1d43a7c27ca8b6a6cdf) Importer(815301076,1909f56bfc062723c751e8b465ee728b)
Start importing Assets/MFPS/Resources/MPlayer2.prefab using Guid(8b43b97c50cac1d43a7c27ca8b6a6cdf) Importer(815301076,1909f56bfc062723c751e8b465ee728b)  -> (artifact id: '64a1e40ed81402d611f4e9e78541ad15') in 0.569452 seconds 
  Import took 0.590676 seconds .

========================================================================
Received Import Request.
  Time since last request: 14.600045 seconds.
  path: Assets/MFPS/Resources/AISoldier2.prefab
  artifactKey: Guid(e8aa4daeae861cd4d98c01198ff31061) Importer(815301076,1909f56bfc062723c751e8b465ee728b)
Start importing Assets/MFPS/Resources/AISoldier2.prefab using Guid(e8aa4daeae861cd4d98c01198ff31061) Importer(815301076,1909f56bfc062723c751e8b465ee728b)  -> (artifact id: 'ced4898703df3c313d947b4799de2262') in 0.160974 seconds 
  Import took 0.168982 seconds .

========================================================================
Received Import Request.
  Time since last request: 3.586430 seconds.
  path: Assets/MFPS/Resources/AISoldier.prefab
  artifactKey: Guid(424e7da58c2e1de49aef138757fca69a) Importer(815301076,1909f56bfc062723c751e8b465ee728b)
Start importing Assets/MFPS/Resources/AISoldier.prefab using Guid(424e7da58c2e1de49aef138757fca69a) Importer(815301076,1909f56bfc062723c751e8b465ee728b)  -> (artifact id: '2e9dee124b61040c64f8b7fee1a53c18') in 0.147641 seconds 
  Import took 0.155617 seconds .

========================================================================
Received Prepare
Default GameObject Tag: AI already registered
Registering precompiled user dll's ...
Registered in 0.007898 seconds.
Begin MonoManager ReloadAssembly
Native extension for WindowsStandalone target not found
Native extension for WebGL target not found
Refreshing native plugins compatible for Editor in 0.92 ms, found 5 plugins.
Preloading 0 native plugins for Editor in 0.00 ms.
System.Reflection.TargetException: Non-static method requires a target.
  at System.Reflection.MonoMethod.Invoke (System.Object obj, System.Reflection.BindingFlags invokeAttr, System.Reflection.Binder binder, System.Object[] parameters, System.Globalization.CultureInfo culture) [0x0004c] in <695d1cc93cca45069c528c15c9fdd749>:0 
  at System.Reflection.MethodBase.Invoke (System.Object obj, System.Object[] parameters) [0x00000] in <695d1cc93cca45069c528c15c9fdd749>:0 
  at UnityEditor.EditorAssemblies.ProcessInitializeOnLoadMethodAttributes () [0x00047] in <2cd7ebc9c2ef4276a8edbc7de85c89ce>:0 
UnityEngine.StackTraceUtility:ExtractStackTrace ()
UnityEngine.DebugLogHandler:LogFormat (UnityEngine.LogType,UnityEngine.Object,string,object[])
UnityEngine.Logger:Log (UnityEngine.LogType,object)
UnityEngine.Debug:LogError (object)
UnityEditor.EditorAssemblies:ProcessInitializeOnLoadMethodAttributes ()

Mono: successfully reloaded assembly
- Completed reload, in  0.832 seconds
Domain Reload Profiling:
	ReloadAssembly (833ms)
		BeginReloadAssembly (89ms)
			ExecutionOrderSort (0ms)
			DisableScriptedObjects (3ms)
			BackupInstance (0ms)
			ReleaseScriptingObjects (0ms)
			CreateAndSetChildDomain (29ms)
		EndReloadAssembly (691ms)
			LoadAssemblies (69ms)
			RebuildTransferFunctionScriptingTraits (0ms)
			SetupTypeCache (217ms)
			ReleaseScriptCaches (1ms)
			RebuildScriptCaches (30ms)
			SetupLoadedEditorAssemblies (303ms)
				LogAssemblyErrors (0ms)
				InitializePlatformSupportModulesInManaged (5ms)
				SetLoadedEditorAssemblies (0ms)
				RefreshPlugins (1ms)
				BeforeProcessingInitializeOnLoad (83ms)
				ProcessInitializeOnLoadAttributes (165ms)
				ProcessInitializeOnLoadMethodAttributes (42ms)
				AfterProcessingInitializeOnLoad (6ms)
				EditorAssembliesLoaded (0ms)
			ExecutionOrderSort2 (0ms)
			AwakeInstancesAfterBackupRestoration (5ms)
Platform modules already initialized, skipping
Refreshing native plugins compatible for Editor in 0.92 ms, found 5 plugins.
Preloading 0 native plugins for Editor in 0.00 ms.
Unloading 2754 Unused Serialized files (Serialized files now loaded: 0)
System memory in use before: 145.1 MB.
System memory in use after: 145.3 MB.

Unloading 64 unused Assets to reduce memory usage. Loaded Objects now: 3228.
Total: 4.970400 ms (FindLiveObjects: 0.224400 ms CreateObjectMapping: 0.065900 ms MarkObjects: 4.632900 ms  DeleteObjects: 0.045800 ms)

AssetImportParameters requested are different than current active one (requested -> active):
  custom:framework-win-MediaFoundation: 216162199b28c13a410421893ffa2e32 -> 
  custom:video-decoder-ogg-theora: a1e56fd34408186e4bbccfd4996cb3dc -> 
  custom:container-muxer-webm: aa71ff27fc2769a1b78a27578f13a17b -> 
  custom:container-demuxer-webm: 4f35f7cbe854078d1ac9338744f61a02 -> 
  custom:container-demuxer-ogg: 62fdf1f143b41e24485cea50d1cbac27 -> 
  custom:video-encoder-webm-vp8: eb34c28f22e8b96e1ab97ce403110664 -> 
  custom:video-codec-MediaFoundation-h265: 746d11721c4dcdbdad8f713fa42b33f4 -> 
  custom:video-decoder-webm-vp8: 9c59270c3fd7afecdb556c50c9e8de78 -> 
  custom:audio-decoder-ogg-vorbis: bf7c407c2cedff20999df2af8eb42d56 -> 
  custom:audio-encoder-webm-vorbis: bf7c407c2cedff20999df2af8eb42d56 -> 
AssetImportWorkerClient::OnTransportError - code=2 error=End of file
